
Čt bře 12 01:55:13 CET 2015
Updated dump downloaded. [0]
Čt bře 12 01:55:27 CET 2015
Updated dump succesfully filtered. [0]
Čt bře 12 01:55:27 CET 2015
Filtered updated dump succesfully converted. [0]
Čt bře 12 01:55:41 CET 2015
Database updated. [0]
------------------------------------------------------------
Čt bře 12 01:57:33 CET 2015
NOTICE: Your OSM file is already up-to-date. Aborting...
------------------------------------------------------------
Pá bře 13 19:03:48 CET 2015
Updated dump downloaded. [0]
Pá bře 13 19:04:05 CET 2015
Updated dump succesfully filtered. [0]
Pá bře 13 19:04:06 CET 2015
Filtered updated dump succesfully converted. [0]
Pá bře 13 19:05:34 CET 2015
Database updated. [0]
------------------------------------------------------------
So bře 14 18:12:49 CET 2015
Updated dump downloaded. [0]
So bře 14 18:13:06 CET 2015
Updated dump succesfully filtered. [0]
So bře 14 18:13:07 CET 2015
Filtered updated dump succesfully converted. [0]
So bře 14 18:16:21 CET 2015
Database updated. [0]
------------------------------------------------------------
Ne bře 15 20:03:05 CET 2015
Updated dump downloaded. [0]
Ne bře 15 20:03:23 CET 2015
Updated dump succesfully filtered. [0]
Ne bře 15 20:03:24 CET 2015
Filtered updated dump succesfully converted. [0]
Ne bře 15 20:12:36 CET 2015
Database updated. [0]
------------------------------------------------------------
Po bře 16 13:57:02 CET 2015
Updated dump downloaded. [0]
Po bře 16 13:57:22 CET 2015
Updated dump succesfully filtered. [0]
Po bře 16 13:57:23 CET 2015
Filtered updated dump succesfully converted. [0]
Po bře 16 13:59:02 CET 2015
Database updated. [0]
------------------------------------------------------------
Po bře 16 20:33:00 CET 2015
NOTICE: Your OSM file is already up-to-date. Aborting...
------------------------------------------------------------
Pá bře 20 16:40:52 CET 2015
Updated dump downloaded.
Pá bře 20 16:41:13 CET 2015
Updated dump succesfully filtered.
Pá bře 20 16:41:14 CET 2015
Filtered updated dump succesfully converted.
Pá bře 20 16:46:43 CET 2015
Database updated.
------------------------------------------------------------
Pá bře 20 16:52:36 CET 2015
NOTICE: Your OSM file is already up-to-date. Aborting...
------------------------------------------------------------
So bře 21 19:22:47 CET 2015
Updated dump downloaded. [0]
So bře 21 19:23:08 CET 2015
Updated dump succesfully filtered. [0]
So bře 21 19:23:09 CET 2015
Filtered updated dump succesfully converted. [0]
So bře 21 19:25:25 CET 2015
Database updated. [0]
------------------------------------------------------------
Út bře 24 18:15:46 CET 2015
Updated dump downloaded. [0]
Út bře 24 18:16:09 CET 2015
Updated dump succesfully filtered. [0]
Út bře 24 18:16:10 CET 2015
Filtered updated dump succesfully converted. [0]
Út bře 24 18:22:45 CET 2015
Database updated. [0]
------------------------------------------------------------
St bře 25 02:15:40 CET 2015
Updated dump downloaded. [0]
St bře 25 02:16:01 CET 2015
Updated dump succesfully filtered. [0]
St bře 25 02:16:01 CET 2015
Filtered updated dump succesfully converted. [0]
St bře 25 02:16:11 CET 2015
Database updated. [0]
------------------------------------------------------------
Ne bře 29 23:53:17 CEST 2015
Updated dump downloaded. [0]
Ne bře 29 23:53:38 CEST 2015
Updated dump succesfully filtered. [0]
Ne bře 29 23:53:39 CEST 2015
Filtered updated dump succesfully converted. [0]
Ne bře 29 23:54:02 CEST 2015
Database updated. [0]
------------------------------------------------------------
Po bře 30 13:25:22 CEST 2015
Updated dump downloaded. [0]
Po bře 30 13:25:56 CEST 2015
Updated dump succesfully filtered. [0]
Po bře 30 13:25:57 CEST 2015
Filtered updated dump succesfully converted. [0]
Po bře 30 13:27:38 CEST 2015
Database updated. [0]
------------------------------------------------------------
Po bře 30 13:30:56 CEST 2015
NOTICE: Your OSM file is already up-to-date. Aborting...
------------------------------------------------------------
Út bře 31 12:20:58 CEST 2015
Updated dump downloaded. [0]
Út bře 31 12:21:33 CEST 2015
Updated dump succesfully filtered. [0]
Út bře 31 12:21:34 CEST 2015
Filtered updated dump succesfully converted. [0]
Út bře 31 12:21:54 CEST 2015
Database updated. [0]
------------------------------------------------------------
Tue Mar 31 12:30:01 CEST 2015
ERROR: Unsuccesful download of updated dump. [1]
------------------------------------------------------------
Út bře 31 14:14:54 CEST 2015
NOTICE: Your OSM file is already up-to-date. Aborting...
------------------------------------------------------------
Út bře 31 14:22:34 CEST 2015
NOTICE: Your OSM file is already up-to-date. Aborting...
------------------------------------------------------------
Tue Mar 31 15:30:01 CEST 2015
ERROR: Unsuccesful download of updated dump. [1]
------------------------------------------------------------
Út bře 31 15:59:26 CEST 2015
NOTICE: Your OSM file is already up-to-date. Aborting...
------------------------------------------------------------
Út bře 31 18:17:00 CEST 2015
NOTICE: Your OSM file is already up-to-date. Aborting...
------------------------------------------------------------
Tue Mar 31 18:20:01 CEST 2015
NOTICE: Your OSM file is already up-to-date. Aborting...
------------------------------------------------------------
Tue Mar 31 18:30:01 CEST 2015
NOTICE: Your OSM file is already up-to-date. Aborting...
------------------------------------------------------------
Tue Mar 31 21:30:03 CEST 2015
NOTICE: Your OSM file is already up-to-date. Aborting...
------------------------------------------------------------
Wed Apr 1 00:30:01 CEST 2015
NOTICE: Your OSM file is already up-to-date. Aborting...
------------------------------------------------------------
Wed Apr 1 03:31:12 CEST 2015
Updated dump downloaded. [0]
Wed Apr 1 03:31:48 CEST 2015
Updated dump succesfully filtered. [0]
Wed Apr 1 03:31:49 CEST 2015
Filtered updated dump succesfully converted. [0]
Wed Apr 1 03:32:10 CEST 2015
Database updated. [0]
------------------------------------------------------------
Wed Apr 1 06:30:03 CEST 2015
NOTICE: Your OSM file is already up-to-date. Aborting...
------------------------------------------------------------
Wed Apr 1 09:30:04 CEST 2015
NOTICE: Your OSM file is already up-to-date. Aborting...
------------------------------------------------------------
Wed Apr 1 12:30:04 CEST 2015
NOTICE: Your OSM file is already up-to-date. Aborting...
------------------------------------------------------------
Wed Apr 1 15:30:04 CEST 2015
NOTICE: Your OSM file is already up-to-date. Aborting...
------------------------------------------------------------
Wed Apr 1 18:30:03 CEST 2015
NOTICE: Your OSM file is already up-to-date. Aborting...
------------------------------------------------------------
Wed Apr 1 21:30:03 CEST 2015
NOTICE: Your OSM file is already up-to-date. Aborting...
------------------------------------------------------------
Thu Apr 2 00:30:02 CEST 2015
NOTICE: Your OSM file is already up-to-date. Aborting...
------------------------------------------------------------
Thu Apr 2 03:31:08 CEST 2015
Updated dump downloaded. [0]
Thu Apr 2 03:31:48 CEST 2015
Updated dump succesfully filtered. [0]
Thu Apr 2 03:31:49 CEST 2015
Filtered updated dump succesfully converted. [0]
Thu Apr 2 03:32:14 CEST 2015
Database updated. [0]
------------------------------------------------------------
Thu Apr 2 06:30:03 CEST 2015
NOTICE: Your OSM file is already up-to-date. Aborting...
------------------------------------------------------------
Thu Apr 2 09:30:04 CEST 2015
NOTICE: Your OSM file is already up-to-date. Aborting...
------------------------------------------------------------
Thu Apr 2 12:30:04 CEST 2015
NOTICE: Your OSM file is already up-to-date. Aborting...
------------------------------------------------------------
Thu Apr 2 15:30:04 CEST 2015
NOTICE: Your OSM file is already up-to-date. Aborting...
------------------------------------------------------------
Thu Apr 2 18:30:03 CEST 2015
NOTICE: Your OSM file is already up-to-date. Aborting...
------------------------------------------------------------
Thu Apr 2 21:30:03 CEST 2015
NOTICE: Your OSM file is already up-to-date. Aborting...
------------------------------------------------------------
Fri Apr 3 00:30:01 CEST 2015
NOTICE: Your OSM file is already up-to-date. Aborting...
------------------------------------------------------------
Fri Apr 3 03:31:20 CEST 2015
Updated dump downloaded. [0]
Fri Apr 3 03:31:53 CEST 2015
Updated dump succesfully filtered. [0]
Fri Apr 3 03:31:53 CEST 2015
Filtered updated dump succesfully converted. [0]
Fri Apr 3 03:32:20 CEST 2015
Database updated. [0]
------------------------------------------------------------
Fri Apr 3 06:30:02 CEST 2015
NOTICE: Your OSM file is already up-to-date. Aborting...
------------------------------------------------------------
Fri Apr 3 09:30:06 CEST 2015
NOTICE: Your OSM file is already up-to-date. Aborting...
------------------------------------------------------------
Fri Apr 3 12:30:04 CEST 2015
NOTICE: Your OSM file is already up-to-date. Aborting...
------------------------------------------------------------
Fri Apr 3 15:30:05 CEST 2015
NOTICE: Your OSM file is already up-to-date. Aborting...
------------------------------------------------------------
Fri Apr 3 18:30:03 CEST 2015
NOTICE: Your OSM file is already up-to-date. Aborting...
------------------------------------------------------------
Fri Apr 3 21:30:03 CEST 2015
NOTICE: Your OSM file is already up-to-date. Aborting...
------------------------------------------------------------
Sat Apr 4 00:30:02 CEST 2015
NOTICE: Your OSM file is already up-to-date. Aborting...
------------------------------------------------------------
Sat Apr 4 03:31:31 CEST 2015
Updated dump downloaded. [0]
Sat Apr 4 03:32:10 CEST 2015
Updated dump succesfully filtered. [0]
Sat Apr 4 03:32:11 CEST 2015
Filtered updated dump succesfully converted. [0]
Sat Apr 4 03:32:33 CEST 2015
Database updated. [0]
------------------------------------------------------------
Sat Apr 4 06:30:03 CEST 2015
NOTICE: Your OSM file is already up-to-date. Aborting...
------------------------------------------------------------
Sat Apr 4 09:30:04 CEST 2015
NOTICE: Your OSM file is already up-to-date. Aborting...
------------------------------------------------------------
Sat Apr 4 12:30:05 CEST 2015
NOTICE: Your OSM file is already up-to-date. Aborting...
------------------------------------------------------------
Sat Apr 4 15:30:05 CEST 2015
NOTICE: Your OSM file is already up-to-date. Aborting...
------------------------------------------------------------
Sat Apr 4 18:30:03 CEST 2015
NOTICE: Your OSM file is already up-to-date. Aborting...
------------------------------------------------------------
Sat Apr 4 21:30:03 CEST 2015
NOTICE: Your OSM file is already up-to-date. Aborting...
------------------------------------------------------------
Sun Apr 5 00:30:03 CEST 2015
NOTICE: Your OSM file is already up-to-date. Aborting...
------------------------------------------------------------
Sun Apr 5 03:31:13 CEST 2015
Updated dump downloaded. [0]
Sun Apr 5 03:31:39 CEST 2015
Updated dump succesfully filtered. [0]
Sun Apr 5 03:31:39 CEST 2015
Filtered updated dump succesfully converted. [0]
Sun Apr 5 03:31:48 CEST 2015
Database updated. [0]
------------------------------------------------------------
Sun Apr 5 06:30:03 CEST 2015
NOTICE: Your OSM file is already up-to-date. Aborting...
------------------------------------------------------------
Sun Apr 5 09:30:05 CEST 2015
NOTICE: Your OSM file is already up-to-date. Aborting...
------------------------------------------------------------
Sun Apr 5 12:30:04 CEST 2015
NOTICE: Your OSM file is already up-to-date. Aborting...
------------------------------------------------------------
Sun Apr 5 15:30:04 CEST 2015
NOTICE: Your OSM file is already up-to-date. Aborting...
------------------------------------------------------------
Sun Apr 5 18:30:04 CEST 2015
NOTICE: Your OSM file is already up-to-date. Aborting...
------------------------------------------------------------
Sun Apr 5 21:30:03 CEST 2015
NOTICE: Your OSM file is already up-to-date. Aborting...
------------------------------------------------------------
Mon Apr 6 00:30:01 CEST 2015
NOTICE: Your OSM file is already up-to-date. Aborting...
------------------------------------------------------------
Mon Apr 6 03:31:13 CEST 2015
Updated dump downloaded. [0]
Mon Apr 6 03:31:55 CEST 2015
Updated dump succesfully filtered. [0]
Mon Apr 6 03:31:55 CEST 2015
Filtered updated dump succesfully converted. [0]
Mon Apr 6 03:32:30 CEST 2015
Database updated. [0]
------------------------------------------------------------
Mon Apr 6 06:30:03 CEST 2015
NOTICE: Your OSM file is already up-to-date. Aborting...
------------------------------------------------------------
Mon Apr 6 09:30:04 CEST 2015
NOTICE: Your OSM file is already up-to-date. Aborting...
------------------------------------------------------------
Mon Apr 6 12:30:05 CEST 2015
NOTICE: Your OSM file is already up-to-date. Aborting...
------------------------------------------------------------
Mon Apr 6 15:30:03 CEST 2015
NOTICE: Your OSM file is already up-to-date. Aborting...
------------------------------------------------------------
Mon Apr 6 18:30:03 CEST 2015
NOTICE: Your OSM file is already up-to-date. Aborting...
------------------------------------------------------------
Mon Apr 6 21:30:03 CEST 2015
NOTICE: Your OSM file is already up-to-date. Aborting...
------------------------------------------------------------
Tue Apr 7 00:30:01 CEST 2015
NOTICE: Your OSM file is already up-to-date. Aborting...
------------------------------------------------------------
Tue Apr 7 03:31:18 CEST 2015
Updated dump downloaded. [0]
Tue Apr 7 03:31:44 CEST 2015
Updated dump succesfully filtered. [0]
Tue Apr 7 03:31:45 CEST 2015
Filtered updated dump succesfully converted. [0]
Tue Apr 7 03:32:05 CEST 2015
Database updated. [0]
------------------------------------------------------------
Tue Apr 7 06:30:03 CEST 2015
NOTICE: Your OSM file is already up-to-date. Aborting...
------------------------------------------------------------
Út dub 7 09:29:37 CEST 2015
Updated dump downloaded. [0]
------------------------------------------------------------
Út dub 7 09:30:11 CEST 2015
Updated dump succesfully filtered. [0]
Út dub 7 09:30:11 CEST 2015
Filtered updated dump succesfully converted. [0]
Út dub 7 09:30:24 CEST 2015
Database updated. [0]
Tue Apr 7 09:31:28 CEST 2015
Updated dump downloaded. [0]
Tue Apr 7 09:31:28 CEST 2015
ERROR: Filter operation failed. [1]
------------------------------------------------------------
Tue Apr 7 12:31:36 CEST 2015
Updated dump downloaded. [0]
Tue Apr 7 12:32:14 CEST 2015
Updated dump succesfully filtered. [0]
Tue Apr 7 12:32:15 CEST 2015
Filtered updated dump succesfully converted. [0]
Tue Apr 7 12:32:26 CEST 2015
Database updated. [0]
------------------------------------------------------------
Tue Apr 7 15:31:32 CEST 2015
Updated dump downloaded. [0]
Tue Apr 7 15:32:03 CEST 2015
Updated dump succesfully filtered. [0]
Tue Apr 7 15:32:04 CEST 2015
Filtered updated dump succesfully converted. [0]
Tue Apr 7 15:32:20 CEST 2015
Database updated. [0]
------------------------------------------------------------
Tue Apr 7 18:31:23 CEST 2015
Updated dump downloaded. [0]
Tue Apr 7 18:31:52 CEST 2015
Updated dump succesfully filtered. [0]
Tue Apr 7 18:31:53 CEST 2015
Filtered updated dump succesfully converted. [0]
Tue Apr 7 18:32:00 CEST 2015
Database updated. [0]
------------------------------------------------------------
Tue Apr 7 21:31:23 CEST 2015
Updated dump downloaded. [0]
Tue Apr 7 21:31:52 CEST 2015
Updated dump succesfully filtered. [0]
Tue Apr 7 21:31:53 CEST 2015
Filtered updated dump succesfully converted. [0]
Tue Apr 7 21:32:35 CEST 2015
Database updated. [0]
------------------------------------------------------------
Wed Apr 8 00:31:13 CEST 2015
Updated dump downloaded. [0]
Wed Apr 8 00:31:39 CEST 2015
Updated dump succesfully filtered. [0]
Wed Apr 8 00:31:39 CEST 2015
Filtered updated dump succesfully converted. [0]
Wed Apr 8 00:31:43 CEST 2015
Database updated. [0]
------------------------------------------------------------
Wed Apr 8 03:31:06 CEST 2015
Updated dump downloaded. [0]
Wed Apr 8 03:31:43 CEST 2015
Updated dump succesfully filtered. [0]
Wed Apr 8 03:31:44 CEST 2015
Filtered updated dump succesfully converted. [0]
Wed Apr 8 03:31:48 CEST 2015
Database updated. [0]
------------------------------------------------------------
Wed Apr 8 06:31:32 CEST 2015
Updated dump downloaded. [0]
Wed Apr 8 06:32:16 CEST 2015
Updated dump succesfully filtered. [0]
Wed Apr 8 06:32:17 CEST 2015
Filtered updated dump succesfully converted. [0]
Wed Apr 8 06:32:24 CEST 2015
Database updated. [0]
------------------------------------------------------------
Wed Apr 8 09:31:34 CEST 2015
Updated dump downloaded. [0]
Wed Apr 8 09:32:06 CEST 2015
Updated dump succesfully filtered. [0]
Wed Apr 8 09:32:07 CEST 2015
Filtered updated dump succesfully converted. [0]
Wed Apr 8 09:32:17 CEST 2015
Database updated. [0]
------------------------------------------------------------
Wed Apr 8 12:31:35 CEST 2015
Updated dump downloaded. [0]
Wed Apr 8 12:32:18 CEST 2015
Updated dump succesfully filtered. [0]
Wed Apr 8 12:32:19 CEST 2015
Filtered updated dump succesfully converted. [0]
Wed Apr 8 12:32:36 CEST 2015
Database updated. [0]
------------------------------------------------------------
Wed Apr 8 15:31:30 CEST 2015
Updated dump downloaded. [0]
Wed Apr 8 15:32:03 CEST 2015
Updated dump succesfully filtered. [0]
Wed Apr 8 15:32:04 CEST 2015
Filtered updated dump succesfully converted. [0]
Wed Apr 8 15:32:58 CEST 2015
Database updated. [0]
------------------------------------------------------------
Wed Apr 8 18:31:25 CEST 2015
Updated dump downloaded. [0]
Wed Apr 8 18:31:57 CEST 2015
Updated dump succesfully filtered. [0]
Wed Apr 8 18:31:57 CEST 2015
Filtered updated dump succesfully converted. [0]
Wed Apr 8 18:32:13 CEST 2015
Database updated. [0]
------------------------------------------------------------
Wed Apr 8 21:31:17 CEST 2015
Updated dump downloaded. [0]
Wed Apr 8 21:31:43 CEST 2015
Updated dump succesfully filtered. [0]
Wed Apr 8 21:31:44 CEST 2015
Filtered updated dump succesfully converted. [0]
Wed Apr 8 21:31:48 CEST 2015
Database updated. [0]
------------------------------------------------------------
Thu Apr 9 00:30:51 CEST 2015
Updated dump downloaded. [0]
Thu Apr 9 00:31:17 CEST 2015
Updated dump succesfully filtered. [0]
Thu Apr 9 00:31:18 CEST 2015
Filtered updated dump succesfully converted. [0]
Thu Apr 9 00:31:20 CEST 2015
Database updated. [0]
------------------------------------------------------------
Thu Apr 9 03:31:26 CEST 2015
Updated dump downloaded. [0]
Thu Apr 9 03:31:54 CEST 2015
Updated dump succesfully filtered. [0]
Thu Apr 9 03:31:55 CEST 2015
Filtered updated dump succesfully converted. [0]
Thu Apr 9 03:32:00 CEST 2015
Database updated. [0]
------------------------------------------------------------
Thu Apr 9 06:31:24 CEST 2015
Updated dump downloaded. [0]
Thu Apr 9 06:31:55 CEST 2015
Updated dump succesfully filtered. [0]
Thu Apr 9 06:31:56 CEST 2015
Filtered updated dump succesfully converted. [0]
Thu Apr 9 06:31:59 CEST 2015
Database updated. [0]
------------------------------------------------------------
Thu Apr 9 09:31:32 CEST 2015
Updated dump downloaded. [0]
Thu Apr 9 09:32:03 CEST 2015
Updated dump succesfully filtered. [0]
Thu Apr 9 09:32:04 CEST 2015
Filtered updated dump succesfully converted. [0]
Thu Apr 9 09:32:10 CEST 2015
Database updated. [0]
------------------------------------------------------------
Thu Apr 9 12:31:32 CEST 2015
Updated dump downloaded. [0]
Thu Apr 9 12:32:04 CEST 2015
Updated dump succesfully filtered. [0]
Thu Apr 9 12:32:05 CEST 2015
Filtered updated dump succesfully converted. [0]
Thu Apr 9 12:32:59 CEST 2015
Database updated. [0]
------------------------------------------------------------
Thu Apr 9 15:31:49 CEST 2015
Updated dump downloaded. [0]
Thu Apr 9 15:32:29 CEST 2015
Updated dump succesfully filtered. [0]
Thu Apr 9 15:32:31 CEST 2015
Filtered updated dump succesfully converted. [0]
Thu Apr 9 15:33:13 CEST 2015
Database updated. [0]
------------------------------------------------------------
Thu Apr 9 18:31:26 CEST 2015
Updated dump downloaded. [0]
Thu Apr 9 18:32:02 CEST 2015
Updated dump succesfully filtered. [0]
Thu Apr 9 18:32:03 CEST 2015
Filtered updated dump succesfully converted. [0]
Thu Apr 9 18:32:17 CEST 2015
Database updated. [0]
------------------------------------------------------------
Thu Apr 9 21:31:24 CEST 2015
Updated dump downloaded. [0]
Thu Apr 9 21:31:58 CEST 2015
Updated dump succesfully filtered. [0]
Thu Apr 9 21:31:59 CEST 2015
Filtered updated dump succesfully converted. [0]
Thu Apr 9 21:32:22 CEST 2015
Database updated. [0]
------------------------------------------------------------
Fri Apr 10 00:30:51 CEST 2015
Updated dump downloaded. [0]
Fri Apr 10 00:31:18 CEST 2015
Updated dump succesfully filtered. [0]
Fri Apr 10 00:31:19 CEST 2015
Filtered updated dump succesfully converted. [0]
Fri Apr 10 00:31:22 CEST 2015
Database updated. [0]
------------------------------------------------------------
Fri Apr 10 03:30:57 CEST 2015
Updated dump downloaded. [0]
Fri Apr 10 03:31:41 CEST 2015
Updated dump succesfully filtered. [0]
Fri Apr 10 03:31:42 CEST 2015
Filtered updated dump succesfully converted. [0]
Fri Apr 10 03:31:44 CEST 2015
Database updated. [0]
------------------------------------------------------------
Fri Apr 10 06:31:22 CEST 2015
Updated dump downloaded. [0]
Fri Apr 10 06:31:51 CEST 2015
Updated dump succesfully filtered. [0]
Fri Apr 10 06:31:52 CEST 2015
Filtered updated dump succesfully converted. [0]
Fri Apr 10 06:31:54 CEST 2015
Database updated. [0]
------------------------------------------------------------
Fri Apr 10 09:31:36 CEST 2015
Updated dump downloaded. [0]
Fri Apr 10 09:32:07 CEST 2015
Updated dump succesfully filtered. [0]
Fri Apr 10 09:32:08 CEST 2015
Filtered updated dump succesfully converted. [0]
Fri Apr 10 09:32:11 CEST 2015
Database updated. [0]
------------------------------------------------------------
Fri Apr 10 12:31:32 CEST 2015
Updated dump downloaded. [0]
Fri Apr 10 12:32:02 CEST 2015
Updated dump succesfully filtered. [0]
Fri Apr 10 12:32:03 CEST 2015
Filtered updated dump succesfully converted. [0]
Fri Apr 10 12:32:35 CEST 2015
Database updated. [0]
------------------------------------------------------------
Fri Apr 10 15:31:42 CEST 2015
Updated dump downloaded. [0]
Fri Apr 10 15:32:20 CEST 2015
Updated dump succesfully filtered. [0]
Fri Apr 10 15:32:21 CEST 2015
Filtered updated dump succesfully converted. [0]
Fri Apr 10 15:32:44 CEST 2015
Database updated. [0]
------------------------------------------------------------
Fri Apr 10 18:31:25 CEST 2015
Updated dump downloaded. [0]
Fri Apr 10 18:31:56 CEST 2015
Updated dump succesfully filtered. [0]
Fri Apr 10 18:31:57 CEST 2015
Filtered updated dump succesfully converted. [0]
Fri Apr 10 18:32:14 CEST 2015
Database updated. [0]
------------------------------------------------------------
Fri Apr 10 21:31:30 CEST 2015
Updated dump downloaded. [0]
Fri Apr 10 21:31:59 CEST 2015
Updated dump succesfully filtered. [0]
Fri Apr 10 21:32:00 CEST 2015
Filtered updated dump succesfully converted. [0]
Fri Apr 10 21:33:30 CEST 2015
Database updated. [0]
------------------------------------------------------------
Sat Apr 11 00:31:20 CEST 2015
Updated dump downloaded. [0]
Sat Apr 11 00:31:53 CEST 2015
Updated dump succesfully filtered. [0]
Sat Apr 11 00:31:54 CEST 2015
Filtered updated dump succesfully converted. [0]
Sat Apr 11 00:32:01 CEST 2015
Database updated. [0]
------------------------------------------------------------
Sat Apr 11 03:31:15 CEST 2015
Updated dump downloaded. [0]
Sat Apr 11 03:32:13 CEST 2015
Updated dump succesfully filtered. [0]
Sat Apr 11 03:32:14 CEST 2015
Filtered updated dump succesfully converted. [0]
Sat Apr 11 03:32:20 CEST 2015
Database updated. [0]
------------------------------------------------------------
Sat Apr 11 06:31:32 CEST 2015
Updated dump downloaded. [0]
Sat Apr 11 06:32:06 CEST 2015
Updated dump succesfully filtered. [0]
Sat Apr 11 06:32:06 CEST 2015
Filtered updated dump succesfully converted. [0]
Sat Apr 11 06:32:31 CEST 2015
Database updated. [0]
------------------------------------------------------------
Sat Apr 11 09:31:42 CEST 2015
Updated dump downloaded. [0]
Sat Apr 11 09:32:25 CEST 2015
Updated dump succesfully filtered. [0]
Sat Apr 11 09:32:26 CEST 2015
Filtered updated dump succesfully converted. [0]
Sat Apr 11 09:32:29 CEST 2015
Database updated. [0]
------------------------------------------------------------
Sat Apr 11 12:31:36 CEST 2015
Updated dump downloaded. [0]
Sat Apr 11 12:32:12 CEST 2015
Updated dump succesfully filtered. [0]
Sat Apr 11 12:32:13 CEST 2015
Filtered updated dump succesfully converted. [0]
Sat Apr 11 12:32:48 CEST 2015
Database updated. [0]
------------------------------------------------------------
Sat Apr 11 15:31:38 CEST 2015
Updated dump downloaded. [0]
Sat Apr 11 15:32:11 CEST 2015
Updated dump succesfully filtered. [0]
Sat Apr 11 15:32:12 CEST 2015
Filtered updated dump succesfully converted. [0]
Sat Apr 11 15:34:08 CEST 2015
Database updated. [0]
------------------------------------------------------------
Sat Apr 11 18:31:30 CEST 2015
Updated dump downloaded. [0]
Sat Apr 11 18:32:04 CEST 2015
Updated dump succesfully filtered. [0]
Sat Apr 11 18:32:05 CEST 2015
Filtered updated dump succesfully converted. [0]
Sat Apr 11 18:32:30 CEST 2015
Database updated. [0]
------------------------------------------------------------
Sat Apr 11 21:31:27 CEST 2015
Updated dump downloaded. [0]
Sat Apr 11 21:31:59 CEST 2015
Updated dump succesfully filtered. [0]
Sat Apr 11 21:32:00 CEST 2015
Filtered updated dump succesfully converted. [0]
Sat Apr 11 21:32:23 CEST 2015
Database updated. [0]
------------------------------------------------------------
Sun Apr 12 00:31:19 CEST 2015
Updated dump downloaded. [0]
Sun Apr 12 00:31:47 CEST 2015
Updated dump succesfully filtered. [0]
Sun Apr 12 00:31:47 CEST 2015
Filtered updated dump succesfully converted. [0]
Sun Apr 12 00:31:54 CEST 2015
Database updated. [0]
------------------------------------------------------------
Sun Apr 12 03:31:30 CEST 2015
Updated dump downloaded. [0]
Sun Apr 12 03:32:12 CEST 2015
Updated dump succesfully filtered. [0]
Sun Apr 12 03:32:13 CEST 2015
Filtered updated dump succesfully converted. [0]
Sun Apr 12 03:32:17 CEST 2015
Database updated. [0]
------------------------------------------------------------
Sun Apr 12 06:31:41 CEST 2015
Updated dump downloaded. [0]
Sun Apr 12 06:32:34 CEST 2015
Updated dump succesfully filtered. [0]
Sun Apr 12 06:32:35 CEST 2015
Filtered updated dump succesfully converted. [0]
Sun Apr 12 06:32:37 CEST 2015
Database updated. [0]
------------------------------------------------------------
Sun Apr 12 09:31:43 CEST 2015
Updated dump downloaded. [0]
Sun Apr 12 09:32:22 CEST 2015
Updated dump succesfully filtered. [0]
Sun Apr 12 09:32:23 CEST 2015
Filtered updated dump succesfully converted. [0]
Sun Apr 12 09:32:27 CEST 2015
Database updated. [0]
------------------------------------------------------------
Sun Apr 12 12:31:30 CEST 2015
Updated dump downloaded. [0]
Sun Apr 12 12:32:05 CEST 2015
Updated dump succesfully filtered. [0]
Sun Apr 12 12:32:06 CEST 2015
Filtered updated dump succesfully converted. [0]
Sun Apr 12 12:32:43 CEST 2015
Database updated. [0]
------------------------------------------------------------
Sun Apr 12 15:31:26 CEST 2015
Updated dump downloaded. [0]
Sun Apr 12 15:32:00 CEST 2015
Updated dump succesfully filtered. [0]
Sun Apr 12 15:32:01 CEST 2015
Filtered updated dump succesfully converted. [0]
Sun Apr 12 15:33:29 CEST 2015
Database updated. [0]
------------------------------------------------------------
Sun Apr 12 18:31:36 CEST 2015
Updated dump downloaded. [0]
Sun Apr 12 18:32:13 CEST 2015
Updated dump succesfully filtered. [0]
Sun Apr 12 18:32:14 CEST 2015
Filtered updated dump succesfully converted. [0]
Sun Apr 12 18:32:58 CEST 2015
Database updated. [0]
------------------------------------------------------------
Sun Apr 12 21:31:36 CEST 2015
Updated dump downloaded. [0]
Sun Apr 12 21:32:15 CEST 2015
Updated dump succesfully filtered. [0]
Sun Apr 12 21:32:16 CEST 2015
Filtered updated dump succesfully converted. [0]
Sun Apr 12 21:32:38 CEST 2015
Database updated. [0]
------------------------------------------------------------
Mon Apr 13 00:31:20 CEST 2015
Updated dump downloaded. [0]
Mon Apr 13 00:31:49 CEST 2015
Updated dump succesfully filtered. [0]
Mon Apr 13 00:31:49 CEST 2015
Filtered updated dump succesfully converted. [0]
Mon Apr 13 00:31:52 CEST 2015
Database updated. [0]
------------------------------------------------------------
Mon Apr 13 03:31:27 CEST 2015
Updated dump downloaded. [0]
Mon Apr 13 03:32:06 CEST 2015
Updated dump succesfully filtered. [0]
Mon Apr 13 03:32:07 CEST 2015
Filtered updated dump succesfully converted. [0]
Mon Apr 13 03:32:16 CEST 2015
Database updated. [0]
------------------------------------------------------------
Mon Apr 13 06:31:48 CEST 2015
Updated dump downloaded. [0]
Mon Apr 13 06:32:32 CEST 2015
Updated dump succesfully filtered. [0]
Mon Apr 13 06:32:33 CEST 2015
Filtered updated dump succesfully converted. [0]
Mon Apr 13 06:32:39 CEST 2015
Database updated. [0]
------------------------------------------------------------
Mon Apr 13 09:31:39 CEST 2015
Updated dump downloaded. [0]
Mon Apr 13 09:32:26 CEST 2015
Updated dump succesfully filtered. [0]
Mon Apr 13 09:32:26 CEST 2015
Filtered updated dump succesfully converted. [0]
Mon Apr 13 09:32:37 CEST 2015
Database updated. [0]
------------------------------------------------------------
Mon Apr 13 12:31:30 CEST 2015
Updated dump downloaded. [0]
Mon Apr 13 12:32:04 CEST 2015
Updated dump succesfully filtered. [0]
Mon Apr 13 12:32:06 CEST 2015
Filtered updated dump succesfully converted. [0]
Mon Apr 13 12:32:18 CEST 2015
Database updated. [0]
------------------------------------------------------------
Mon Apr 13 15:31:35 CEST 2015
Updated dump downloaded. [0]
Mon Apr 13 15:32:21 CEST 2015
Updated dump succesfully filtered. [0]
Mon Apr 13 15:32:22 CEST 2015
Filtered updated dump succesfully converted. [0]
Mon Apr 13 15:32:52 CEST 2015
Database updated. [0]
------------------------------------------------------------
Mon Apr 13 18:31:28 CEST 2015
Updated dump downloaded. [0]
Mon Apr 13 18:32:03 CEST 2015
Updated dump succesfully filtered. [0]
Mon Apr 13 18:32:03 CEST 2015
Filtered updated dump succesfully converted. [0]
Mon Apr 13 18:32:36 CEST 2015
Database updated. [0]
------------------------------------------------------------
Mon Apr 13 21:31:34 CEST 2015
Updated dump downloaded. [0]
Mon Apr 13 21:32:11 CEST 2015
Updated dump succesfully filtered. [0]
Mon Apr 13 21:32:12 CEST 2015
Filtered updated dump succesfully converted. [0]
Mon Apr 13 21:32:30 CEST 2015
Database updated. [0]
------------------------------------------------------------
Tue Apr 14 00:30:56 CEST 2015
Updated dump downloaded. [0]
Tue Apr 14 00:31:25 CEST 2015
Updated dump succesfully filtered. [0]
Tue Apr 14 00:31:25 CEST 2015
Filtered updated dump succesfully converted. [0]
Tue Apr 14 00:31:29 CEST 2015
Database updated. [0]
------------------------------------------------------------
Tue Apr 14 03:31:01 CEST 2015
Updated dump downloaded. [0]
Tue Apr 14 03:31:45 CEST 2015
Updated dump succesfully filtered. [0]
Tue Apr 14 03:31:46 CEST 2015
Filtered updated dump succesfully converted. [0]
Tue Apr 14 03:31:48 CEST 2015
Database updated. [0]
------------------------------------------------------------
Tue Apr 14 06:31:32 CEST 2015
Updated dump downloaded. [0]
Tue Apr 14 06:32:19 CEST 2015
Updated dump succesfully filtered. [0]
Tue Apr 14 06:32:19 CEST 2015
Filtered updated dump succesfully converted. [0]
Tue Apr 14 06:32:22 CEST 2015
Database updated. [0]
------------------------------------------------------------
Tue Apr 14 09:31:53 CEST 2015
Updated dump downloaded. [0]
Tue Apr 14 09:32:28 CEST 2015
Updated dump succesfully filtered. [0]
Tue Apr 14 09:32:29 CEST 2015
Filtered updated dump succesfully converted. [0]
Tue Apr 14 09:32:37 CEST 2015
Database updated. [0]
------------------------------------------------------------
Tue Apr 14 12:31:39 CEST 2015
Updated dump downloaded. [0]
Tue Apr 14 12:32:25 CEST 2015
Updated dump succesfully filtered. [0]
Tue Apr 14 12:32:26 CEST 2015
Filtered updated dump succesfully converted. [0]
Tue Apr 14 12:32:49 CEST 2015
Database updated. [0]
------------------------------------------------------------
Tue Apr 14 15:31:41 CEST 2015
Updated dump downloaded. [0]
Tue Apr 14 15:32:15 CEST 2015
Updated dump succesfully filtered. [0]
Tue Apr 14 15:32:16 CEST 2015
Filtered updated dump succesfully converted. [0]
Tue Apr 14 15:33:31 CEST 2015
Database updated. [0]
------------------------------------------------------------
Tue Apr 14 18:31:40 CEST 2015
Updated dump downloaded. [0]
Tue Apr 14 18:32:22 CEST 2015
Updated dump succesfully filtered. [0]
Tue Apr 14 18:32:22 CEST 2015
Filtered updated dump succesfully converted. [0]
Tue Apr 14 18:32:37 CEST 2015
Database updated. [0]
------------------------------------------------------------
Tue Apr 14 21:31:24 CEST 2015
Updated dump downloaded. [0]
Tue Apr 14 21:32:02 CEST 2015
Updated dump succesfully filtered. [0]
Tue Apr 14 21:32:02 CEST 2015
Filtered updated dump succesfully converted. [0]
Tue Apr 14 21:32:11 CEST 2015
Database updated. [0]
------------------------------------------------------------
Wed Apr 15 00:30:55 CEST 2015
Updated dump downloaded. [0]
Wed Apr 15 00:31:26 CEST 2015
Updated dump succesfully filtered. [0]
Wed Apr 15 00:31:26 CEST 2015
Filtered updated dump succesfully converted. [0]
Wed Apr 15 00:31:31 CEST 2015
Database updated. [0]
------------------------------------------------------------
Wed Apr 15 03:31:28 CEST 2015
Updated dump downloaded. [0]
Wed Apr 15 03:32:10 CEST 2015
Updated dump succesfully filtered. [0]
Wed Apr 15 03:32:11 CEST 2015
Filtered updated dump succesfully converted. [0]
Wed Apr 15 03:32:18 CEST 2015
Database updated. [0]
------------------------------------------------------------
Wed Apr 15 06:31:45 CEST 2015
Updated dump downloaded. [0]
Wed Apr 15 06:32:25 CEST 2015
Updated dump succesfully filtered. [0]
Wed Apr 15 06:32:26 CEST 2015
Filtered updated dump succesfully converted. [0]
Wed Apr 15 06:32:34 CEST 2015
Database updated. [0]
------------------------------------------------------------
Wed Apr 15 09:31:47 CEST 2015
Updated dump downloaded. [0]
Wed Apr 15 09:32:31 CEST 2015
Updated dump succesfully filtered. [0]
Wed Apr 15 09:32:32 CEST 2015
Filtered updated dump succesfully converted. [0]
Wed Apr 15 09:32:36 CEST 2015
Database updated. [0]
------------------------------------------------------------
Wed Apr 15 12:31:35 CEST 2015
Updated dump downloaded. [0]
Wed Apr 15 12:32:18 CEST 2015
Updated dump succesfully filtered. [0]
Wed Apr 15 12:32:19 CEST 2015
Filtered updated dump succesfully converted. [0]
Wed Apr 15 12:34:15 CEST 2015
Database updated. [0]
------------------------------------------------------------
Wed Apr 15 15:31:39 CEST 2015
Updated dump downloaded. [0]
Wed Apr 15 15:32:24 CEST 2015
Updated dump succesfully filtered. [0]
Wed Apr 15 15:32:25 CEST 2015
Filtered updated dump succesfully converted. [0]
Wed Apr 15 15:36:05 CEST 2015
Database updated. [0]
------------------------------------------------------------
Wed Apr 15 18:31:41 CEST 2015
Updated dump downloaded. [0]
Wed Apr 15 18:32:35 CEST 2015
Updated dump succesfully filtered. [0]
Wed Apr 15 18:32:36 CEST 2015
Filtered updated dump succesfully converted. [0]
Wed Apr 15 18:32:48 CEST 2015
Database updated. [0]
------------------------------------------------------------
Wed Apr 15 21:31:44 CEST 2015
Updated dump downloaded. [0]
Wed Apr 15 21:32:31 CEST 2015
Updated dump succesfully filtered. [0]
Wed Apr 15 21:32:32 CEST 2015
Filtered updated dump succesfully converted. [0]
Wed Apr 15 21:32:59 CEST 2015
Database updated. [0]
------------------------------------------------------------
Thu Apr 16 00:31:01 CEST 2015
Updated dump downloaded. [0]
Thu Apr 16 00:31:31 CEST 2015
Updated dump succesfully filtered. [0]
Thu Apr 16 00:31:32 CEST 2015
Filtered updated dump succesfully converted. [0]
Thu Apr 16 00:31:35 CEST 2015
Database updated. [0]
------------------------------------------------------------
Thu Apr 16 03:31:31 CEST 2015
Updated dump downloaded. [0]
Thu Apr 16 03:32:11 CEST 2015
Updated dump succesfully filtered. [0]
Thu Apr 16 03:32:11 CEST 2015
Filtered updated dump succesfully converted. [0]
Thu Apr 16 03:32:17 CEST 2015
Database updated. [0]
------------------------------------------------------------
Thu Apr 16 06:31:38 CEST 2015
Updated dump downloaded. [0]
Thu Apr 16 06:32:12 CEST 2015
Updated dump succesfully filtered. [0]
Thu Apr 16 06:32:12 CEST 2015
Filtered updated dump succesfully converted. [0]
Thu Apr 16 06:32:14 CEST 2015
Database updated. [0]
------------------------------------------------------------
Thu Apr 16 09:31:44 CEST 2015
Updated dump downloaded. [0]
Thu Apr 16 09:32:21 CEST 2015
Updated dump succesfully filtered. [0]
Thu Apr 16 09:32:21 CEST 2015
Filtered updated dump succesfully converted. [0]
Thu Apr 16 09:32:29 CEST 2015
Database updated. [0]
------------------------------------------------------------
Thu Apr 16 12:31:40 CEST 2015
Updated dump downloaded. [0]
Thu Apr 16 12:32:22 CEST 2015
Updated dump succesfully filtered. [0]
Thu Apr 16 12:32:23 CEST 2015
Filtered updated dump succesfully converted. [0]
Thu Apr 16 12:32:48 CEST 2015
Database updated. [0]
------------------------------------------------------------
Thu Apr 16 15:31:39 CEST 2015
Updated dump downloaded. [0]
Thu Apr 16 15:32:13 CEST 2015
Updated dump succesfully filtered. [0]
Thu Apr 16 15:32:14 CEST 2015
Filtered updated dump succesfully converted. [0]
Thu Apr 16 15:32:55 CEST 2015
Database updated. [0]
------------------------------------------------------------
Thu Apr 16 18:31:29 CEST 2015
Updated dump downloaded. [0]
Thu Apr 16 18:32:13 CEST 2015
Updated dump succesfully filtered. [0]
Thu Apr 16 18:32:14 CEST 2015
Filtered updated dump succesfully converted. [0]
Thu Apr 16 18:32:30 CEST 2015
Database updated. [0]
------------------------------------------------------------
Thu Apr 16 21:31:34 CEST 2015
Updated dump downloaded. [0]
Thu Apr 16 21:32:18 CEST 2015
Updated dump succesfully filtered. [0]
Thu Apr 16 21:32:19 CEST 2015
Filtered updated dump succesfully converted. [0]
Thu Apr 16 21:32:50 CEST 2015
Database updated. [0]
------------------------------------------------------------
Fri Apr 17 00:31:25 CEST 2015
Updated dump downloaded. [0]
Fri Apr 17 00:31:56 CEST 2015
Updated dump succesfully filtered. [0]
Fri Apr 17 00:31:57 CEST 2015
Filtered updated dump succesfully converted. [0]
Fri Apr 17 00:32:02 CEST 2015
Database updated. [0]
------------------------------------------------------------
Fri Apr 17 03:31:34 CEST 2015
Updated dump downloaded. [0]
Fri Apr 17 03:32:13 CEST 2015
Updated dump succesfully filtered. [0]
Fri Apr 17 03:32:14 CEST 2015
Filtered updated dump succesfully converted. [0]
Fri Apr 17 03:32:16 CEST 2015
Database updated. [0]
------------------------------------------------------------
Fri Apr 17 06:31:31 CEST 2015
Updated dump downloaded. [0]
Fri Apr 17 06:32:05 CEST 2015
Updated dump succesfully filtered. [0]
Fri Apr 17 06:32:06 CEST 2015
Filtered updated dump succesfully converted. [0]
Fri Apr 17 06:32:10 CEST 2015
Database updated. [0]
------------------------------------------------------------
Fri Apr 17 09:31:47 CEST 2015
Updated dump downloaded. [0]
Fri Apr 17 09:32:24 CEST 2015
Updated dump succesfully filtered. [0]
Fri Apr 17 09:32:24 CEST 2015
Filtered updated dump succesfully converted. [0]
Fri Apr 17 09:32:28 CEST 2015
Database updated. [0]
------------------------------------------------------------
Fri Apr 17 12:31:54 CEST 2015
Updated dump downloaded. [0]
Fri Apr 17 12:32:45 CEST 2015
Updated dump succesfully filtered. [0]
Fri Apr 17 12:32:46 CEST 2015
Filtered updated dump succesfully converted. [0]
Fri Apr 17 12:33:24 CEST 2015
Database updated. [0]
------------------------------------------------------------
Fri Apr 17 15:31:42 CEST 2015
Updated dump downloaded. [0]
Fri Apr 17 15:32:25 CEST 2015
Updated dump succesfully filtered. [0]
Fri Apr 17 15:32:26 CEST 2015
Filtered updated dump succesfully converted. [0]
Fri Apr 17 15:33:53 CEST 2015
Database updated. [0]
------------------------------------------------------------
Fri Apr 17 18:31:34 CEST 2015
Updated dump downloaded. [0]
Fri Apr 17 18:32:07 CEST 2015
Updated dump succesfully filtered. [0]
Fri Apr 17 18:32:08 CEST 2015
Filtered updated dump succesfully converted. [0]
Fri Apr 17 18:32:28 CEST 2015
Database updated. [0]
------------------------------------------------------------
Fri Apr 17 21:31:34 CEST 2015
Updated dump downloaded. [0]
Fri Apr 17 21:32:23 CEST 2015
Updated dump succesfully filtered. [0]
Fri Apr 17 21:32:24 CEST 2015
Filtered updated dump succesfully converted. [0]
Fri Apr 17 21:32:38 CEST 2015
Database updated. [0]
------------------------------------------------------------
Sat Apr 18 00:30:59 CEST 2015
Updated dump downloaded. [0]
Sat Apr 18 00:31:29 CEST 2015
Updated dump succesfully filtered. [0]
Sat Apr 18 00:31:30 CEST 2015
Filtered updated dump succesfully converted. [0]
Sat Apr 18 00:31:35 CEST 2015
Database updated. [0]
------------------------------------------------------------
Sat Apr 18 03:31:20 CEST 2015
Updated dump downloaded. [0]
Sat Apr 18 03:32:14 CEST 2015
Updated dump succesfully filtered. [0]
Sat Apr 18 03:32:15 CEST 2015
Filtered updated dump succesfully converted. [0]
Sat Apr 18 03:32:19 CEST 2015
Database updated. [0]
------------------------------------------------------------
Sat Apr 18 06:31:45 CEST 2015
Updated dump downloaded. [0]
Sat Apr 18 06:32:27 CEST 2015
Updated dump succesfully filtered. [0]
Sat Apr 18 06:32:28 CEST 2015
Filtered updated dump succesfully converted. [0]
Sat Apr 18 06:32:32 CEST 2015
Database updated. [0]
------------------------------------------------------------
Sat Apr 18 09:31:52 CEST 2015
Updated dump downloaded. [0]
Sat Apr 18 09:32:32 CEST 2015
Updated dump succesfully filtered. [0]
Sat Apr 18 09:32:33 CEST 2015
Filtered updated dump succesfully converted. [0]
Sat Apr 18 09:32:37 CEST 2015
Database updated. [0]
------------------------------------------------------------
Sat Apr 18 12:31:59 CEST 2015
Updated dump downloaded. [0]
Sat Apr 18 12:32:44 CEST 2015
Updated dump succesfully filtered. [0]
Sat Apr 18 12:32:45 CEST 2015
Filtered updated dump succesfully converted. [0]
Sat Apr 18 12:33:11 CEST 2015
Database updated. [0]
------------------------------------------------------------
Sat Apr 18 15:31:35 CEST 2015
Updated dump downloaded. [0]
Sat Apr 18 15:32:11 CEST 2015
Updated dump succesfully filtered. [0]
Sat Apr 18 15:32:11 CEST 2015
Filtered updated dump succesfully converted. [0]
Sat Apr 18 15:32:38 CEST 2015
Database updated. [0]
------------------------------------------------------------
Sat Apr 18 18:31:58 CEST 2015
Updated dump downloaded. [0]
Sat Apr 18 18:32:43 CEST 2015
Updated dump succesfully filtered. [0]
Sat Apr 18 18:32:44 CEST 2015
Filtered updated dump succesfully converted. [0]
Sat Apr 18 18:33:08 CEST 2015
Database updated. [0]
------------------------------------------------------------
Sat Apr 18 21:31:25 CEST 2015
Updated dump downloaded. [0]
Sat Apr 18 21:32:05 CEST 2015
Updated dump succesfully filtered. [0]
Sat Apr 18 21:32:05 CEST 2015
Filtered updated dump succesfully converted. [0]
Sat Apr 18 21:32:13 CEST 2015
Database updated. [0]
------------------------------------------------------------
Sun Apr 19 00:31:00 CEST 2015
Updated dump downloaded. [0]
Sun Apr 19 00:31:31 CEST 2015
Updated dump succesfully filtered. [0]
Sun Apr 19 00:31:32 CEST 2015
Filtered updated dump succesfully converted. [0]
Sun Apr 19 00:31:36 CEST 2015
Database updated. [0]
------------------------------------------------------------
Sun Apr 19 03:30:59 CEST 2015
Updated dump downloaded. [0]
Sun Apr 19 03:31:30 CEST 2015
Updated dump succesfully filtered. [0]
Sun Apr 19 03:31:30 CEST 2015
Filtered updated dump succesfully converted. [0]
Sun Apr 19 03:31:33 CEST 2015
Database updated. [0]
------------------------------------------------------------
Sun Apr 19 06:30:59 CEST 2015
Updated dump downloaded. [0]
Sun Apr 19 06:31:30 CEST 2015
Updated dump succesfully filtered. [0]
Sun Apr 19 06:31:30 CEST 2015
Filtered updated dump succesfully converted. [0]
Sun Apr 19 06:31:31 CEST 2015
Database updated. [0]
------------------------------------------------------------
Sun Apr 19 09:31:48 CEST 2015
Updated dump downloaded. [0]
Sun Apr 19 09:32:43 CEST 2015
Updated dump succesfully filtered. [0]
Sun Apr 19 09:32:43 CEST 2015
Filtered updated dump succesfully converted. [0]
Sun Apr 19 09:32:57 CEST 2015
Database updated. [0]
------------------------------------------------------------
Sun Apr 19 12:31:57 CEST 2015
Updated dump downloaded. [0]
Sun Apr 19 12:32:50 CEST 2015
Updated dump succesfully filtered. [0]
Sun Apr 19 12:32:52 CEST 2015
Filtered updated dump succesfully converted. [0]
Sun Apr 19 12:33:26 CEST 2015
Database updated. [0]
------------------------------------------------------------
Sun Apr 19 15:31:44 CEST 2015
Updated dump downloaded. [0]
Sun Apr 19 15:32:35 CEST 2015
Updated dump succesfully filtered. [0]
Sun Apr 19 15:32:36 CEST 2015
Filtered updated dump succesfully converted. [0]
Sun Apr 19 15:33:16 CEST 2015
Database updated. [0]
------------------------------------------------------------
Sun Apr 19 18:31:35 CEST 2015
Updated dump downloaded. [0]
Sun Apr 19 18:32:16 CEST 2015
Updated dump succesfully filtered. [0]
Sun Apr 19 18:32:17 CEST 2015
Filtered updated dump succesfully converted. [0]
Sun Apr 19 18:32:42 CEST 2015
Database updated. [0]
------------------------------------------------------------
Sun Apr 19 21:31:30 CEST 2015
Updated dump downloaded. [0]
Sun Apr 19 21:32:04 CEST 2015
Updated dump succesfully filtered. [0]
Sun Apr 19 21:32:04 CEST 2015
Filtered updated dump succesfully converted. [0]
Sun Apr 19 21:32:09 CEST 2015
Database updated. [0]
------------------------------------------------------------
Mon Apr 20 00:31:01 CEST 2015
Updated dump downloaded. [0]
Mon Apr 20 00:31:35 CEST 2015
Updated dump succesfully filtered. [0]
Mon Apr 20 00:31:35 CEST 2015
Filtered updated dump succesfully converted. [0]
Mon Apr 20 00:31:39 CEST 2015
Database updated. [0]
------------------------------------------------------------
Mon Apr 20 03:31:02 CEST 2015
Updated dump downloaded. [0]
Mon Apr 20 03:31:32 CEST 2015
Updated dump succesfully filtered. [0]
Mon Apr 20 03:31:32 CEST 2015
Filtered updated dump succesfully converted. [0]
Mon Apr 20 03:31:33 CEST 2015
Database updated. [0]
------------------------------------------------------------
Mon Apr 20 06:30:58 CEST 2015
Updated dump downloaded. [0]
Mon Apr 20 06:31:28 CEST 2015
Updated dump succesfully filtered. [0]
Mon Apr 20 06:31:29 CEST 2015
Filtered updated dump succesfully converted. [0]
Mon Apr 20 06:31:30 CEST 2015
Database updated. [0]
------------------------------------------------------------
Mon Apr 20 09:31:40 CEST 2015
Updated dump downloaded. [0]
Mon Apr 20 09:32:33 CEST 2015
Updated dump succesfully filtered. [0]
Mon Apr 20 09:32:33 CEST 2015
Filtered updated dump succesfully converted. [0]
Mon Apr 20 09:32:42 CEST 2015
Database updated. [0]
------------------------------------------------------------
Mon Apr 20 12:31:53 CEST 2015
Updated dump downloaded. [0]
Mon Apr 20 12:32:33 CEST 2015
Updated dump succesfully filtered. [0]
Mon Apr 20 12:32:34 CEST 2015
Filtered updated dump succesfully converted. [0]
Mon Apr 20 12:33:49 CEST 2015
Database updated. [0]
------------------------------------------------------------
Mon Apr 20 15:31:49 CEST 2015
Updated dump downloaded. [0]
Mon Apr 20 15:32:32 CEST 2015
Updated dump succesfully filtered. [0]
Mon Apr 20 15:32:33 CEST 2015
Filtered updated dump succesfully converted. [0]
Mon Apr 20 15:33:09 CEST 2015
Database updated. [0]
------------------------------------------------------------
Mon Apr 20 18:31:59 CEST 2015
Updated dump downloaded. [0]
Mon Apr 20 18:32:42 CEST 2015
Updated dump succesfully filtered. [0]
Mon Apr 20 18:32:43 CEST 2015
Filtered updated dump succesfully converted. [0]
Mon Apr 20 18:32:53 CEST 2015
Database updated. [0]
------------------------------------------------------------
Mon Apr 20 21:31:29 CEST 2015
Updated dump downloaded. [0]
Mon Apr 20 21:32:02 CEST 2015
Updated dump succesfully filtered. [0]
Mon Apr 20 21:32:02 CEST 2015
Filtered updated dump succesfully converted. [0]
Mon Apr 20 21:32:06 CEST 2015
Database updated. [0]
------------------------------------------------------------
Tue Apr 21 00:31:02 CEST 2015
Updated dump downloaded. [0]
Tue Apr 21 00:31:33 CEST 2015
Updated dump succesfully filtered. [0]
Tue Apr 21 00:31:33 CEST 2015
Filtered updated dump succesfully converted. [0]
Tue Apr 21 00:31:36 CEST 2015
Database updated. [0]
------------------------------------------------------------
Tue Apr 21 03:30:59 CEST 2015
Updated dump downloaded. [0]
Tue Apr 21 03:31:30 CEST 2015
Updated dump succesfully filtered. [0]
Tue Apr 21 03:31:31 CEST 2015
Filtered updated dump succesfully converted. [0]
Tue Apr 21 03:31:33 CEST 2015
Database updated. [0]
------------------------------------------------------------
Tue Apr 21 06:31:00 CEST 2015
Updated dump downloaded. [0]
Tue Apr 21 06:31:32 CEST 2015
Updated dump succesfully filtered. [0]
Tue Apr 21 06:31:32 CEST 2015
Filtered updated dump succesfully converted. [0]
Tue Apr 21 06:31:33 CEST 2015
Database updated. [0]
------------------------------------------------------------
Tue Apr 21 09:32:05 CEST 2015
Updated dump downloaded. [0]
Tue Apr 21 09:33:02 CEST 2015
Updated dump succesfully filtered. [0]
Tue Apr 21 09:33:04 CEST 2015
Filtered updated dump succesfully converted. [0]
Tue Apr 21 09:34:00 CEST 2015
Database updated. [0]
------------------------------------------------------------
Tue Apr 21 12:31:48 CEST 2015
Updated dump downloaded. [0]
Tue Apr 21 12:32:39 CEST 2015
Updated dump succesfully filtered. [0]
Tue Apr 21 12:32:40 CEST 2015
Filtered updated dump succesfully converted. [0]
Tue Apr 21 12:32:56 CEST 2015
Database updated. [0]
------------------------------------------------------------
Tue Apr 21 15:31:50 CEST 2015
Updated dump downloaded. [0]
Tue Apr 21 15:32:37 CEST 2015
Updated dump succesfully filtered. [0]
Tue Apr 21 15:32:38 CEST 2015
Filtered updated dump succesfully converted. [0]
Tue Apr 21 15:33:54 CEST 2015
Database updated. [0]
------------------------------------------------------------
Tue Apr 21 18:31:38 CEST 2015
Updated dump downloaded. [0]
Tue Apr 21 18:32:26 CEST 2015
Updated dump succesfully filtered. [0]
Tue Apr 21 18:32:27 CEST 2015
Filtered updated dump succesfully converted. [0]
Tue Apr 21 18:33:10 CEST 2015
Database updated. [0]
------------------------------------------------------------
Tue Apr 21 21:31:44 CEST 2015
Updated dump downloaded. [0]
Tue Apr 21 21:32:40 CEST 2015
Updated dump succesfully filtered. [0]
Tue Apr 21 21:32:41 CEST 2015
Filtered updated dump succesfully converted. [0]
Tue Apr 21 21:34:03 CEST 2015
Database updated. [0]
------------------------------------------------------------
Wed Apr 22 00:31:26 CEST 2015
Updated dump downloaded. [0]
Wed Apr 22 00:31:58 CEST 2015
Updated dump succesfully filtered. [0]
Wed Apr 22 00:31:59 CEST 2015
Filtered updated dump succesfully converted. [0]
Wed Apr 22 00:32:03 CEST 2015
Database updated. [0]
------------------------------------------------------------
Wed Apr 22 03:31:39 CEST 2015
Updated dump downloaded. [0]
Wed Apr 22 03:32:26 CEST 2015
Updated dump succesfully filtered. [0]
Wed Apr 22 03:32:27 CEST 2015
Filtered updated dump succesfully converted. [0]
Wed Apr 22 03:32:32 CEST 2015
Database updated. [0]
------------------------------------------------------------
Wed Apr 22 06:31:39 CEST 2015
Updated dump downloaded. [0]
Wed Apr 22 06:32:32 CEST 2015
Updated dump succesfully filtered. [0]
Wed Apr 22 06:32:33 CEST 2015
Filtered updated dump succesfully converted. [0]
Wed Apr 22 06:32:37 CEST 2015
Database updated. [0]
------------------------------------------------------------
Wed Apr 22 09:31:50 CEST 2015
Updated dump downloaded. [0]
Wed Apr 22 09:32:34 CEST 2015
Updated dump succesfully filtered. [0]
Wed Apr 22 09:32:35 CEST 2015
Filtered updated dump succesfully converted. [0]
Wed Apr 22 09:32:38 CEST 2015
Database updated. [0]
------------------------------------------------------------
Wed Apr 22 12:32:05 CEST 2015
Updated dump downloaded. [0]
Wed Apr 22 12:32:56 CEST 2015
Updated dump succesfully filtered. [0]
Wed Apr 22 12:32:57 CEST 2015
Filtered updated dump succesfully converted. [0]
Wed Apr 22 12:33:04 CEST 2015
Database updated. [0]
------------------------------------------------------------
Wed Apr 22 15:31:51 CEST 2015
Updated dump downloaded. [0]
Wed Apr 22 15:32:33 CEST 2015
Updated dump succesfully filtered. [0]
Wed Apr 22 15:32:34 CEST 2015
Filtered updated dump succesfully converted. [0]
Wed Apr 22 15:37:16 CEST 2015
Database updated. [0]
------------------------------------------------------------
Wed Apr 22 18:31:49 CEST 2015
Updated dump downloaded. [0]
Wed Apr 22 18:32:46 CEST 2015
Updated dump succesfully filtered. [0]
Wed Apr 22 18:32:47 CEST 2015
Filtered updated dump succesfully converted. [0]
Wed Apr 22 18:33:13 CEST 2015
Database updated. [0]
------------------------------------------------------------
Wed Apr 22 21:31:33 CEST 2015
Updated dump downloaded. [0]
Wed Apr 22 21:32:11 CEST 2015
Updated dump succesfully filtered. [0]
Wed Apr 22 21:32:12 CEST 2015
Filtered updated dump succesfully converted. [0]
Wed Apr 22 21:32:31 CEST 2015
Database updated. [0]
------------------------------------------------------------
Thu Apr 23 00:31:04 CEST 2015
Updated dump downloaded. [0]
Thu Apr 23 00:31:37 CEST 2015
Updated dump succesfully filtered. [0]
Thu Apr 23 00:31:38 CEST 2015
Filtered updated dump succesfully converted. [0]
Thu Apr 23 00:31:45 CEST 2015
Database updated. [0]
------------------------------------------------------------
Thu Apr 23 03:31:10 CEST 2015
Updated dump downloaded. [0]
Thu Apr 23 03:31:55 CEST 2015
Updated dump succesfully filtered. [0]
Thu Apr 23 03:31:55 CEST 2015
Filtered updated dump succesfully converted. [0]
Thu Apr 23 03:32:04 CEST 2015
Database updated. [0]
------------------------------------------------------------
Thu Apr 23 06:31:41 CEST 2015
Updated dump downloaded. [0]
Thu Apr 23 06:32:31 CEST 2015
Updated dump succesfully filtered. [0]
Thu Apr 23 06:32:32 CEST 2015
Filtered updated dump succesfully converted. [0]
Thu Apr 23 06:32:49 CEST 2015
Database updated. [0]
------------------------------------------------------------
Thu Apr 23 09:32:04 CEST 2015
Updated dump downloaded. [0]
Thu Apr 23 09:32:57 CEST 2015
Updated dump succesfully filtered. [0]
Thu Apr 23 09:32:58 CEST 2015
Filtered updated dump succesfully converted. [0]
Thu Apr 23 09:33:30 CEST 2015
Database updated. [0]
------------------------------------------------------------
Thu Apr 23 12:31:55 CEST 2015
Updated dump downloaded. [0]
Thu Apr 23 12:32:35 CEST 2015
Updated dump succesfully filtered. [0]
Thu Apr 23 12:32:36 CEST 2015
Filtered updated dump succesfully converted. [0]
Thu Apr 23 12:33:00 CEST 2015
Database updated. [0]
------------------------------------------------------------
Thu Apr 23 15:31:53 CEST 2015
Updated dump downloaded. [0]
Thu Apr 23 15:32:40 CEST 2015
Updated dump succesfully filtered. [0]
Thu Apr 23 15:32:41 CEST 2015
Filtered updated dump succesfully converted. [0]
Thu Apr 23 15:33:06 CEST 2015
Database updated. [0]
------------------------------------------------------------
Thu Apr 23 18:31:42 CEST 2015
Updated dump downloaded. [0]
Thu Apr 23 18:32:33 CEST 2015
Updated dump succesfully filtered. [0]
Thu Apr 23 18:32:35 CEST 2015
Filtered updated dump succesfully converted. [0]
Thu Apr 23 18:33:05 CEST 2015
Database updated. [0]
------------------------------------------------------------
Thu Apr 23 21:31:42 CEST 2015
Updated dump downloaded. [0]
Thu Apr 23 21:32:16 CEST 2015
Updated dump succesfully filtered. [0]
Thu Apr 23 21:32:17 CEST 2015
Filtered updated dump succesfully converted. [0]
Thu Apr 23 21:32:38 CEST 2015
Database updated. [0]
------------------------------------------------------------
Fri Apr 24 00:31:34 CEST 2015
Updated dump downloaded. [0]
Fri Apr 24 00:32:07 CEST 2015
Updated dump succesfully filtered. [0]
Fri Apr 24 00:32:07 CEST 2015
Filtered updated dump succesfully converted. [0]
Fri Apr 24 00:32:10 CEST 2015
Database updated. [0]
------------------------------------------------------------
Fri Apr 24 03:31:07 CEST 2015
Updated dump downloaded. [0]
Fri Apr 24 03:31:54 CEST 2015
Updated dump succesfully filtered. [0]
Fri Apr 24 03:31:55 CEST 2015
Filtered updated dump succesfully converted. [0]
Fri Apr 24 03:31:59 CEST 2015
Database updated. [0]
------------------------------------------------------------
Fri Apr 24 06:32:09 CEST 2015
Updated dump downloaded. [0]
Fri Apr 24 06:33:16 CEST 2015
Updated dump succesfully filtered. [0]
Fri Apr 24 06:33:16 CEST 2015
Filtered updated dump succesfully converted. [0]
Fri Apr 24 06:33:19 CEST 2015
Database updated. [0]
------------------------------------------------------------
Fri Apr 24 09:31:58 CEST 2015
Updated dump downloaded. [0]
Fri Apr 24 09:32:40 CEST 2015
Updated dump succesfully filtered. [0]
Fri Apr 24 09:32:41 CEST 2015
Filtered updated dump succesfully converted. [0]
Fri Apr 24 09:32:53 CEST 2015
Database updated. [0]
------------------------------------------------------------
Fri Apr 24 12:31:47 CEST 2015
Updated dump downloaded. [0]
Fri Apr 24 12:32:37 CEST 2015
Updated dump succesfully filtered. [0]
Fri Apr 24 12:32:38 CEST 2015
Filtered updated dump succesfully converted. [0]
Fri Apr 24 12:36:11 CEST 2015
Database updated. [0]
------------------------------------------------------------
Fri Apr 24 15:31:52 CEST 2015
Updated dump downloaded. [0]
Fri Apr 24 15:32:34 CEST 2015
Updated dump succesfully filtered. [0]
Fri Apr 24 15:32:35 CEST 2015
Filtered updated dump succesfully converted. [0]
Fri Apr 24 15:33:27 CEST 2015
Database updated. [0]
------------------------------------------------------------
Fri Apr 24 18:31:44 CEST 2015
Updated dump downloaded. [0]
Fri Apr 24 18:32:33 CEST 2015
Updated dump succesfully filtered. [0]
Fri Apr 24 18:32:34 CEST 2015
Filtered updated dump succesfully converted. [0]
Fri Apr 24 18:32:39 CEST 2015
Database updated. [0]
------------------------------------------------------------
Fri Apr 24 21:31:48 CEST 2015
Updated dump downloaded. [0]
Fri Apr 24 21:32:45 CEST 2015
Updated dump succesfully filtered. [0]
Fri Apr 24 21:32:45 CEST 2015
Filtered updated dump succesfully converted. [0]
Fri Apr 24 21:33:01 CEST 2015
Database updated. [0]
------------------------------------------------------------
Sat Apr 25 00:31:35 CEST 2015
Updated dump downloaded. [0]
Sat Apr 25 00:32:08 CEST 2015
Updated dump succesfully filtered. [0]
Sat Apr 25 00:32:08 CEST 2015
Filtered updated dump succesfully converted. [0]
Sat Apr 25 00:32:13 CEST 2015
Database updated. [0]
------------------------------------------------------------
Sat Apr 25 03:31:53 CEST 2015
Updated dump downloaded. [0]
Sat Apr 25 03:32:49 CEST 2015
Updated dump succesfully filtered. [0]
Sat Apr 25 03:32:50 CEST 2015
Filtered updated dump succesfully converted. [0]
Sat Apr 25 03:32:54 CEST 2015
Database updated. [0]
------------------------------------------------------------
Sat Apr 25 06:32:03 CEST 2015
Updated dump downloaded. [0]
Sat Apr 25 06:33:00 CEST 2015
Updated dump succesfully filtered. [0]
Sat Apr 25 06:33:01 CEST 2015
Filtered updated dump succesfully converted. [0]
Sat Apr 25 06:33:04 CEST 2015
Database updated. [0]
------------------------------------------------------------
Sat Apr 25 09:31:58 CEST 2015
Updated dump downloaded. [0]
Sat Apr 25 09:32:42 CEST 2015
Updated dump succesfully filtered. [0]
Sat Apr 25 09:32:43 CEST 2015
Filtered updated dump succesfully converted. [0]
Sat Apr 25 09:32:52 CEST 2015
Database updated. [0]
------------------------------------------------------------
Sat Apr 25 12:32:01 CEST 2015
Updated dump downloaded. [0]
Sat Apr 25 12:32:46 CEST 2015
Updated dump succesfully filtered. [0]
Sat Apr 25 12:32:47 CEST 2015
Filtered updated dump succesfully converted. [0]
Sat Apr 25 12:33:01 CEST 2015
Database updated. [0]
------------------------------------------------------------
Sat Apr 25 15:31:52 CEST 2015
Updated dump downloaded. [0]
Sat Apr 25 15:32:40 CEST 2015
Updated dump succesfully filtered. [0]
Sat Apr 25 15:32:41 CEST 2015
Filtered updated dump succesfully converted. [0]
Sat Apr 25 15:33:09 CEST 2015
Database updated. [0]
------------------------------------------------------------
Sat Apr 25 18:31:46 CEST 2015
Updated dump downloaded. [0]
Sat Apr 25 18:32:34 CEST 2015
Updated dump succesfully filtered. [0]
Sat Apr 25 18:32:36 CEST 2015
Filtered updated dump succesfully converted. [0]
Sat Apr 25 18:33:16 CEST 2015
Database updated. [0]
------------------------------------------------------------
Sat Apr 25 21:31:38 CEST 2015
Updated dump downloaded. [0]
Sat Apr 25 21:32:14 CEST 2015
Updated dump succesfully filtered. [0]
Sat Apr 25 21:32:15 CEST 2015
Filtered updated dump succesfully converted. [0]
Sat Apr 25 21:32:25 CEST 2015
Database updated. [0]
------------------------------------------------------------
Sun Apr 26 00:31:04 CEST 2015
Updated dump downloaded. [0]
Sun Apr 26 00:31:39 CEST 2015
Updated dump succesfully filtered. [0]
Sun Apr 26 00:31:39 CEST 2015
Filtered updated dump succesfully converted. [0]
Sun Apr 26 00:31:46 CEST 2015
Database updated. [0]
------------------------------------------------------------
Sun Apr 26 03:31:46 CEST 2015
Updated dump downloaded. [0]
Sun Apr 26 03:32:35 CEST 2015
Updated dump succesfully filtered. [0]
Sun Apr 26 03:32:36 CEST 2015
Filtered updated dump succesfully converted. [0]
Sun Apr 26 03:32:47 CEST 2015
Database updated. [0]
------------------------------------------------------------
Sun Apr 26 06:31:49 CEST 2015
Updated dump downloaded. [0]
Sun Apr 26 06:32:57 CEST 2015
Updated dump succesfully filtered. [0]
Sun Apr 26 06:32:58 CEST 2015
Filtered updated dump succesfully converted. [0]
Sun Apr 26 06:33:03 CEST 2015
Database updated. [0]
------------------------------------------------------------
Sun Apr 26 09:32:03 CEST 2015
Updated dump downloaded. [0]
Sun Apr 26 09:32:58 CEST 2015
Updated dump succesfully filtered. [0]
Sun Apr 26 09:33:00 CEST 2015
Filtered updated dump succesfully converted. [0]
Sun Apr 26 09:33:04 CEST 2015
Database updated. [0]
------------------------------------------------------------
Sun Apr 26 12:32:10 CEST 2015
Updated dump downloaded. [0]
Sun Apr 26 12:33:14 CEST 2015
Updated dump succesfully filtered. [0]
Sun Apr 26 12:33:15 CEST 2015
Filtered updated dump succesfully converted. [0]
Sun Apr 26 12:33:47 CEST 2015
Database updated. [0]
------------------------------------------------------------
Sun Apr 26 15:32:06 CEST 2015
Updated dump downloaded. [0]
Sun Apr 26 15:32:54 CEST 2015
Updated dump succesfully filtered. [0]
Sun Apr 26 15:32:55 CEST 2015
Filtered updated dump succesfully converted. [0]
Sun Apr 26 15:36:10 CEST 2015
Database updated. [0]
------------------------------------------------------------
Sun Apr 26 18:32:11 CEST 2015
Updated dump downloaded. [0]
Sun Apr 26 18:33:22 CEST 2015
Updated dump succesfully filtered. [0]
Sun Apr 26 18:33:23 CEST 2015
Filtered updated dump succesfully converted. [0]
Sun Apr 26 18:33:32 CEST 2015
Database updated. [0]
------------------------------------------------------------
Sun Apr 26 21:31:34 CEST 2015
Updated dump downloaded. [0]
Sun Apr 26 21:32:10 CEST 2015
Updated dump succesfully filtered. [0]
Sun Apr 26 21:32:10 CEST 2015
Filtered updated dump succesfully converted. [0]
Sun Apr 26 21:32:19 CEST 2015
Database updated. [0]
------------------------------------------------------------
Mon Apr 27 00:31:05 CEST 2015
Updated dump downloaded. [0]
Mon Apr 27 00:31:39 CEST 2015
Updated dump succesfully filtered. [0]
Mon Apr 27 00:31:39 CEST 2015
Filtered updated dump succesfully converted. [0]
Mon Apr 27 00:31:44 CEST 2015
Database updated. [0]
------------------------------------------------------------
Mon Apr 27 03:31:26 CEST 2015
Updated dump downloaded. [0]
Mon Apr 27 03:32:18 CEST 2015
Updated dump succesfully filtered. [0]
Mon Apr 27 03:32:18 CEST 2015
Filtered updated dump succesfully converted. [0]
Mon Apr 27 03:32:21 CEST 2015
Database updated. [0]
------------------------------------------------------------
Mon Apr 27 06:32:09 CEST 2015
Updated dump downloaded. [0]
Mon Apr 27 06:33:16 CEST 2015
Updated dump succesfully filtered. [0]
Mon Apr 27 06:33:17 CEST 2015
Filtered updated dump succesfully converted. [0]
Mon Apr 27 06:33:19 CEST 2015
Database updated. [0]
------------------------------------------------------------
Mon Apr 27 09:32:05 CEST 2015
Updated dump downloaded. [0]
Mon Apr 27 09:32:55 CEST 2015
Updated dump succesfully filtered. [0]
Mon Apr 27 09:32:56 CEST 2015
Filtered updated dump succesfully converted. [0]
Mon Apr 27 09:33:22 CEST 2015
Database updated. [0]
------------------------------------------------------------
Mon Apr 27 12:32:00 CEST 2015
Updated dump downloaded. [0]
Mon Apr 27 12:32:45 CEST 2015
Updated dump succesfully filtered. [0]
Mon Apr 27 12:32:46 CEST 2015
Filtered updated dump succesfully converted. [0]
Mon Apr 27 12:33:22 CEST 2015
Database updated. [0]
------------------------------------------------------------
Mon Apr 27 15:32:08 CEST 2015
Updated dump downloaded. [0]
Mon Apr 27 15:32:51 CEST 2015
Updated dump succesfully filtered. [0]
Mon Apr 27 15:32:52 CEST 2015
Filtered updated dump succesfully converted. [0]
Mon Apr 27 15:33:35 CEST 2015
Database updated. [0]
------------------------------------------------------------
Mon Apr 27 18:31:45 CEST 2015
Updated dump downloaded. [0]
Mon Apr 27 18:32:38 CEST 2015
Updated dump succesfully filtered. [0]
Mon Apr 27 18:32:39 CEST 2015
Filtered updated dump succesfully converted. [0]
Mon Apr 27 18:35:48 CEST 2015
Database updated. [0]
------------------------------------------------------------
Mon Apr 27 21:31:55 CEST 2015
Updated dump downloaded. [0]
Mon Apr 27 21:32:51 CEST 2015
Updated dump succesfully filtered. [0]
Mon Apr 27 21:32:52 CEST 2015
Filtered updated dump succesfully converted. [0]
Mon Apr 27 21:33:25 CEST 2015
Database updated. [0]
------------------------------------------------------------
Tue Apr 28 00:31:35 CEST 2015
Updated dump downloaded. [0]
Tue Apr 28 00:32:11 CEST 2015
Updated dump succesfully filtered. [0]
Tue Apr 28 00:32:11 CEST 2015
Filtered updated dump succesfully converted. [0]
Tue Apr 28 00:32:15 CEST 2015
Database updated. [0]
------------------------------------------------------------
Tue Apr 28 03:31:52 CEST 2015
Updated dump downloaded. [0]
Tue Apr 28 03:32:43 CEST 2015
Updated dump succesfully filtered. [0]
Tue Apr 28 03:32:43 CEST 2015
Filtered updated dump succesfully converted. [0]
Tue Apr 28 03:32:47 CEST 2015
Database updated. [0]
------------------------------------------------------------
Tue Apr 28 06:32:12 CEST 2015
Updated dump downloaded. [0]
Tue Apr 28 06:33:15 CEST 2015
Updated dump succesfully filtered. [0]
Tue Apr 28 06:33:16 CEST 2015
Filtered updated dump succesfully converted. [0]
Tue Apr 28 06:33:19 CEST 2015
Database updated. [0]
------------------------------------------------------------
Tue Apr 28 09:32:05 CEST 2015
Updated dump downloaded. [0]
Tue Apr 28 09:32:55 CEST 2015
Updated dump succesfully filtered. [0]
Tue Apr 28 09:32:56 CEST 2015
Filtered updated dump succesfully converted. [0]
Tue Apr 28 09:33:04 CEST 2015
Database updated. [0]
------------------------------------------------------------
Tue Apr 28 12:32:13 CEST 2015
Updated dump downloaded. [0]
Tue Apr 28 12:33:08 CEST 2015
Updated dump succesfully filtered. [0]
Tue Apr 28 12:33:09 CEST 2015
Filtered updated dump succesfully converted. [0]
Tue Apr 28 12:33:36 CEST 2015
Database updated. [0]
------------------------------------------------------------
Tue Apr 28 15:31:58 CEST 2015
Updated dump downloaded. [0]
Tue Apr 28 15:32:44 CEST 2015
Updated dump succesfully filtered. [0]
Tue Apr 28 15:32:45 CEST 2015
Filtered updated dump succesfully converted. [0]
Tue Apr 28 15:32:53 CEST 2015
Database updated. [0]
------------------------------------------------------------
Tue Apr 28 18:31:47 CEST 2015
Updated dump downloaded. [0]
Tue Apr 28 18:32:40 CEST 2015
Updated dump succesfully filtered. [0]
Tue Apr 28 18:32:41 CEST 2015
Filtered updated dump succesfully converted. [0]
Tue Apr 28 18:32:58 CEST 2015
Database updated. [0]
------------------------------------------------------------
Tue Apr 28 21:31:47 CEST 2015
Updated dump downloaded. [0]
Tue Apr 28 21:32:32 CEST 2015
Updated dump succesfully filtered. [0]
Tue Apr 28 21:32:34 CEST 2015
Filtered updated dump succesfully converted. [0]
Tue Apr 28 21:33:10 CEST 2015
Database updated. [0]
------------------------------------------------------------
Wed Apr 29 00:31:08 CEST 2015
Updated dump downloaded. [0]
Wed Apr 29 00:31:43 CEST 2015
Updated dump succesfully filtered. [0]
Wed Apr 29 00:31:44 CEST 2015
Filtered updated dump succesfully converted. [0]
Wed Apr 29 00:31:49 CEST 2015
Database updated. [0]
------------------------------------------------------------
Wed Apr 29 03:31:50 CEST 2015
Updated dump downloaded. [0]
Wed Apr 29 03:32:43 CEST 2015
Updated dump succesfully filtered. [0]
Wed Apr 29 03:32:44 CEST 2015
Filtered updated dump succesfully converted. [0]
Wed Apr 29 03:32:50 CEST 2015
Database updated. [0]
------------------------------------------------------------
Wed Apr 29 06:32:12 CEST 2015
Updated dump downloaded. [0]
Wed Apr 29 06:33:24 CEST 2015
Updated dump succesfully filtered. [0]
Wed Apr 29 06:33:25 CEST 2015
Filtered updated dump succesfully converted. [0]
Wed Apr 29 06:33:27 CEST 2015
Database updated. [0]
------------------------------------------------------------
Wed Apr 29 09:32:22 CEST 2015
Updated dump downloaded. [0]
Wed Apr 29 09:33:19 CEST 2015
Updated dump succesfully filtered. [0]
Wed Apr 29 09:33:20 CEST 2015
Filtered updated dump succesfully converted. [0]
Wed Apr 29 09:33:24 CEST 2015
Database updated. [0]
------------------------------------------------------------
Wed Apr 29 12:32:03 CEST 2015
Updated dump downloaded. [0]
Wed Apr 29 12:32:56 CEST 2015
Updated dump succesfully filtered. [0]
Wed Apr 29 12:32:57 CEST 2015
Filtered updated dump succesfully converted. [0]
Wed Apr 29 12:34:58 CEST 2015
Database updated. [0]
------------------------------------------------------------
Wed Apr 29 15:31:47 CEST 2015
Updated dump downloaded. [0]
Wed Apr 29 15:32:29 CEST 2015
Updated dump succesfully filtered. [0]
Wed Apr 29 15:32:30 CEST 2015
Filtered updated dump succesfully converted. [0]
Wed Apr 29 15:34:00 CEST 2015
Database updated. [0]
------------------------------------------------------------
Wed Apr 29 18:32:03 CEST 2015
Updated dump downloaded. [0]
Wed Apr 29 18:33:04 CEST 2015
Updated dump succesfully filtered. [0]
Wed Apr 29 18:33:05 CEST 2015
Filtered updated dump succesfully converted. [0]
Wed Apr 29 18:35:51 CEST 2015
Database updated. [0]
------------------------------------------------------------
Wed Apr 29 21:31:42 CEST 2015
Updated dump downloaded. [0]
Wed Apr 29 21:32:20 CEST 2015
Updated dump succesfully filtered. [0]
Wed Apr 29 21:32:20 CEST 2015
Filtered updated dump succesfully converted. [0]
Wed Apr 29 21:32:29 CEST 2015
Database updated. [0]
------------------------------------------------------------
Thu Apr 30 00:31:08 CEST 2015
Updated dump downloaded. [0]
Thu Apr 30 00:31:43 CEST 2015
Updated dump succesfully filtered. [0]
Thu Apr 30 00:31:43 CEST 2015
Filtered updated dump succesfully converted. [0]
Thu Apr 30 00:31:44 CEST 2015
Database updated. [0]
------------------------------------------------------------
Thu Apr 30 03:31:19 CEST 2015
Updated dump downloaded. [0]
Thu Apr 30 03:32:25 CEST 2015
Updated dump succesfully filtered. [0]
Thu Apr 30 03:32:26 CEST 2015
Filtered updated dump succesfully converted. [0]
Thu Apr 30 03:32:28 CEST 2015
Database updated. [0]
------------------------------------------------------------
Thu Apr 30 06:31:50 CEST 2015
Updated dump downloaded. [0]
Thu Apr 30 06:32:47 CEST 2015
Updated dump succesfully filtered. [0]
Thu Apr 30 06:32:48 CEST 2015
Filtered updated dump succesfully converted. [0]
Thu Apr 30 06:32:57 CEST 2015
Database updated. [0]
------------------------------------------------------------
Thu Apr 30 09:32:13 CEST 2015
Updated dump downloaded. [0]
Thu Apr 30 09:33:29 CEST 2015
Updated dump succesfully filtered. [0]
Thu Apr 30 09:33:31 CEST 2015
Filtered updated dump succesfully converted. [0]
Thu Apr 30 09:33:52 CEST 2015
Database updated. [0]
------------------------------------------------------------
Thu Apr 30 12:32:03 CEST 2015
Updated dump downloaded. [0]
Thu Apr 30 12:33:11 CEST 2015
Updated dump succesfully filtered. [0]
Thu Apr 30 12:33:12 CEST 2015
Filtered updated dump succesfully converted. [0]
Thu Apr 30 12:33:26 CEST 2015
Database updated. [0]
------------------------------------------------------------
Thu Apr 30 15:30:03 CEST 2015
ERROR: Unsuccesful download of updated dump. [1]
------------------------------------------------------------
Thu Apr 30 18:31:49 CEST 2015
Updated dump downloaded. [0]
Thu Apr 30 18:32:39 CEST 2015
Updated dump succesfully filtered. [0]
Thu Apr 30 18:32:40 CEST 2015
Filtered updated dump succesfully converted. [0]
Thu Apr 30 18:35:40 CEST 2015
Database updated. [0]
------------------------------------------------------------
Thu Apr 30 21:31:41 CEST 2015
Updated dump downloaded. [0]
Thu Apr 30 21:32:18 CEST 2015
Updated dump succesfully filtered. [0]
Thu Apr 30 21:32:19 CEST 2015
Filtered updated dump succesfully converted. [0]
Thu Apr 30 21:32:25 CEST 2015
Database updated. [0]
------------------------------------------------------------
Fri May 1 00:31:07 CEST 2015
Updated dump downloaded. [0]
Fri May 1 00:31:44 CEST 2015
Updated dump succesfully filtered. [0]
Fri May 1 00:31:44 CEST 2015
Filtered updated dump succesfully converted. [0]
Fri May 1 00:31:46 CEST 2015
Database updated. [0]
------------------------------------------------------------
Fri May 1 03:31:56 CEST 2015
Updated dump downloaded. [0]
Fri May 1 03:32:52 CEST 2015
Updated dump succesfully filtered. [0]
Fri May 1 03:32:52 CEST 2015
Filtered updated dump succesfully converted. [0]
Fri May 1 03:32:56 CEST 2015
Database updated. [0]
------------------------------------------------------------
Fri May 1 06:32:13 CEST 2015
Updated dump downloaded. [0]
Fri May 1 06:33:11 CEST 2015
Updated dump succesfully filtered. [0]
Fri May 1 06:33:12 CEST 2015
Filtered updated dump succesfully converted. [0]
Fri May 1 06:33:13 CEST 2015
Database updated. [0]
------------------------------------------------------------
Fri May 1 09:32:21 CEST 2015
Updated dump downloaded. [0]
Fri May 1 09:33:24 CEST 2015
Updated dump succesfully filtered. [0]
Fri May 1 09:33:25 CEST 2015
Filtered updated dump succesfully converted. [0]
Fri May 1 09:33:29 CEST 2015
Database updated. [0]
------------------------------------------------------------
Fri May 1 12:32:19 CEST 2015
Updated dump downloaded. [0]
Fri May 1 12:33:12 CEST 2015
Updated dump succesfully filtered. [0]
Fri May 1 12:33:13 CEST 2015
Filtered updated dump succesfully converted. [0]
Fri May 1 12:33:34 CEST 2015
Database updated. [0]
------------------------------------------------------------
Fri May 1 15:31:52 CEST 2015
Updated dump downloaded. [0]
Fri May 1 15:32:52 CEST 2015
Updated dump succesfully filtered. [0]
Fri May 1 15:32:53 CEST 2015
Filtered updated dump succesfully converted. [0]
Fri May 1 15:33:08 CEST 2015
Database updated. [0]
------------------------------------------------------------
Fri May 1 18:31:50 CEST 2015
Updated dump downloaded. [0]
Fri May 1 18:32:37 CEST 2015
Updated dump succesfully filtered. [0]
Fri May 1 18:32:38 CEST 2015
Filtered updated dump succesfully converted. [0]
Fri May 1 18:32:59 CEST 2015
Database updated. [0]
------------------------------------------------------------
Fri May 1 21:31:53 CEST 2015
Updated dump downloaded. [0]
Fri May 1 21:32:48 CEST 2015
Updated dump succesfully filtered. [0]
Fri May 1 21:32:49 CEST 2015
Filtered updated dump succesfully converted. [0]
Fri May 1 21:33:59 CEST 2015
Database updated. [0]
------------------------------------------------------------
Sat May 2 00:31:10 CEST 2015
Updated dump downloaded. [0]
Sat May 2 00:31:47 CEST 2015
Updated dump succesfully filtered. [0]
Sat May 2 00:31:47 CEST 2015
Filtered updated dump succesfully converted. [0]
Sat May 2 00:31:54 CEST 2015
Database updated. [0]
------------------------------------------------------------
Sat May 2 03:32:10 CEST 2015
Updated dump downloaded. [0]
Sat May 2 03:33:25 CEST 2015
Updated dump succesfully filtered. [0]
Sat May 2 03:33:26 CEST 2015
Filtered updated dump succesfully converted. [0]
Sat May 2 03:33:34 CEST 2015
Database updated. [0]
------------------------------------------------------------
Sat May 2 06:32:06 CEST 2015
Updated dump downloaded. [0]
Sat May 2 06:32:59 CEST 2015
Updated dump succesfully filtered. [0]
Sat May 2 06:33:00 CEST 2015
Filtered updated dump succesfully converted. [0]
Sat May 2 06:33:02 CEST 2015
Database updated. [0]
------------------------------------------------------------
Sat May 2 09:32:18 CEST 2015
Updated dump downloaded. [0]
Sat May 2 09:33:22 CEST 2015
Updated dump succesfully filtered. [0]
Sat May 2 09:33:23 CEST 2015
Filtered updated dump succesfully converted. [0]
Sat May 2 09:33:52 CEST 2015
Database updated. [0]
------------------------------------------------------------
Sat May 2 12:32:10 CEST 2015
Updated dump downloaded. [0]
Sat May 2 12:33:20 CEST 2015
Updated dump succesfully filtered. [0]
Sat May 2 12:33:21 CEST 2015
Filtered updated dump succesfully converted. [0]
Sat May 2 12:34:14 CEST 2015
Database updated. [0]
------------------------------------------------------------
Sat May 2 15:31:58 CEST 2015
Updated dump downloaded. [0]
Sat May 2 15:32:59 CEST 2015
Updated dump succesfully filtered. [0]
Sat May 2 15:33:00 CEST 2015
Filtered updated dump succesfully converted. [0]
Sat May 2 15:33:27 CEST 2015
Database updated. [0]
------------------------------------------------------------
Sat May 2 18:31:54 CEST 2015
Updated dump downloaded. [0]
Sat May 2 18:32:55 CEST 2015
Updated dump succesfully filtered. [0]
Sat May 2 18:32:57 CEST 2015
Filtered updated dump succesfully converted. [0]
Sat May 2 18:33:22 CEST 2015
Database updated. [0]
------------------------------------------------------------
Sat May 2 21:31:57 CEST 2015
Updated dump downloaded. [0]
Sat May 2 21:32:52 CEST 2015
Updated dump succesfully filtered. [0]
Sat May 2 21:32:53 CEST 2015
Filtered updated dump succesfully converted. [0]
Sat May 2 21:33:04 CEST 2015
Database updated. [0]
------------------------------------------------------------
Sun May 3 00:31:11 CEST 2015
Updated dump downloaded. [0]
Sun May 3 00:31:50 CEST 2015
Updated dump succesfully filtered. [0]
Sun May 3 00:31:51 CEST 2015
Filtered updated dump succesfully converted. [0]
Sun May 3 00:31:58 CEST 2015
Database updated. [0]
------------------------------------------------------------
Sun May 3 03:32:01 CEST 2015
Updated dump downloaded. [0]
Sun May 3 03:32:55 CEST 2015
Updated dump succesfully filtered. [0]
Sun May 3 03:32:56 CEST 2015
Filtered updated dump succesfully converted. [0]
Sun May 3 03:32:59 CEST 2015
Database updated. [0]
------------------------------------------------------------
Sun May 3 06:31:54 CEST 2015
Updated dump downloaded. [0]
Sun May 3 06:32:51 CEST 2015
Updated dump succesfully filtered. [0]
Sun May 3 06:32:52 CEST 2015
Filtered updated dump succesfully converted. [0]
Sun May 3 06:32:54 CEST 2015
Database updated. [0]
------------------------------------------------------------
Sun May 3 09:32:20 CEST 2015
Updated dump downloaded. [0]
Sun May 3 09:33:15 CEST 2015
Updated dump succesfully filtered. [0]
Sun May 3 09:33:17 CEST 2015
Filtered updated dump succesfully converted. [0]
Sun May 3 09:33:21 CEST 2015
Database updated. [0]
------------------------------------------------------------
Sun May 3 12:31:54 CEST 2015
Updated dump downloaded. [0]
Sun May 3 12:32:48 CEST 2015
Updated dump succesfully filtered. [0]
Sun May 3 12:32:49 CEST 2015
Filtered updated dump succesfully converted. [0]
Sun May 3 12:33:02 CEST 2015
Database updated. [0]
------------------------------------------------------------
Sun May 3 15:32:01 CEST 2015
Updated dump downloaded. [0]
Sun May 3 15:33:02 CEST 2015
Updated dump succesfully filtered. [0]
Sun May 3 15:33:02 CEST 2015
Filtered updated dump succesfully converted. [0]
Sun May 3 15:33:19 CEST 2015
Database updated. [0]
------------------------------------------------------------
Sun May 3 18:31:58 CEST 2015
Updated dump downloaded. [0]
Sun May 3 18:32:46 CEST 2015
Updated dump succesfully filtered. [0]
Sun May 3 18:32:46 CEST 2015
Filtered updated dump succesfully converted. [0]
Sun May 3 18:33:10 CEST 2015
Database updated. [0]
------------------------------------------------------------
Sun May 3 21:31:44 CEST 2015
Updated dump downloaded. [0]
Sun May 3 21:32:35 CEST 2015
Updated dump succesfully filtered. [0]
Sun May 3 21:32:35 CEST 2015
Filtered updated dump succesfully converted. [0]
Sun May 3 21:32:43 CEST 2015
Database updated. [0]
------------------------------------------------------------
Mon May 4 00:31:11 CEST 2015
Updated dump downloaded. [0]
Mon May 4 00:31:51 CEST 2015
Updated dump succesfully filtered. [0]
Mon May 4 00:31:51 CEST 2015
Filtered updated dump succesfully converted. [0]
Mon May 4 00:31:55 CEST 2015
Database updated. [0]
------------------------------------------------------------
Mon May 4 03:31:58 CEST 2015
Updated dump downloaded. [0]
Mon May 4 03:32:48 CEST 2015
Updated dump succesfully filtered. [0]
Mon May 4 03:32:49 CEST 2015
Filtered updated dump succesfully converted. [0]
Mon May 4 03:33:03 CEST 2015
Database updated. [0]
------------------------------------------------------------
Mon May 4 06:32:21 CEST 2015
Updated dump downloaded. [0]
Mon May 4 06:33:37 CEST 2015
Updated dump succesfully filtered. [0]
Mon May 4 06:33:38 CEST 2015
Filtered updated dump succesfully converted. [0]
Mon May 4 06:34:16 CEST 2015
Database updated. [0]
------------------------------------------------------------
Mon May 4 09:32:15 CEST 2015
Updated dump downloaded. [0]
Mon May 4 09:33:14 CEST 2015
Updated dump succesfully filtered. [0]
Mon May 4 09:33:15 CEST 2015
Filtered updated dump succesfully converted. [0]
Mon May 4 09:34:10 CEST 2015
Database updated. [0]
------------------------------------------------------------
Mon May 4 12:32:18 CEST 2015
Updated dump downloaded. [0]
Mon May 4 12:33:25 CEST 2015
Updated dump succesfully filtered. [0]
Mon May 4 12:33:26 CEST 2015
Filtered updated dump succesfully converted. [0]
Mon May 4 12:33:51 CEST 2015
Database updated. [0]
------------------------------------------------------------
Mon May 4 15:31:47 CEST 2015
Updated dump downloaded. [0]
Mon May 4 15:32:40 CEST 2015
Updated dump succesfully filtered. [0]
Mon May 4 15:32:40 CEST 2015
Filtered updated dump succesfully converted. [0]
Mon May 4 15:32:49 CEST 2015
Database updated. [0]
